<?xml version="1.0" encoding="UTF-8"?>
<coverage generated="1759587314762" clover="3.2.0">
  <project timestamp="1759587314762" name="All files">
    <metrics statements="18" coveredstatements="18" conditionals="10" coveredconditionals="10" methods="8" coveredmethods="8" elements="36" coveredelements="36" complexity="0" loc="18" ncloc="18" packages="2" files="3" classes="3"/>
    <package name="features.properties.components">
      <metrics statements="16" coveredstatements="16" conditionals="10" coveredconditionals="10" methods="7" coveredmethods="7"/>
      <file name="PropertyCard.tsx" path="/Users/cosmodeveloper/Developer/million-frontend/src/features/properties/components/PropertyCard.tsx">
        <metrics statements="7" coveredstatements="7" conditionals="0" coveredconditionals="0" methods="2" coveredmethods="2"/>
        <line num="1" count="1" type="stmt"/>
        <line num="3" count="1" type="stmt"/>
        <line num="4" count="1" type="stmt"/>
        <line num="10" count="1" type="stmt"/>
        <line num="12" count="6" type="stmt"/>
        <line num="14" count="6" type="stmt"/>
        <line num="17" count="1" type="stmt"/>
      </file>
      <file name="PropertyForm.tsx" path="/Users/cosmodeveloper/Developer/million-frontend/src/features/properties/components/PropertyForm.tsx">
        <metrics statements="9" coveredstatements="9" conditionals="10" coveredconditionals="10" methods="5" coveredmethods="5"/>
        <line num="1" count="1" type="stmt"/>
        <line num="2" count="1" type="stmt"/>
        <line num="10" count="1" type="stmt"/>
        <line num="11" count="227" type="stmt"/>
        <line num="21" count="3" type="cond" truecount="2" falsecount="0"/>
        <line num="22" count="3" type="cond" truecount="2" falsecount="0"/>
        <line num="23" count="3" type="cond" truecount="2" falsecount="0"/>
        <line num="24" count="3" type="cond" truecount="2" falsecount="0"/>
        <line num="28" count="227" type="stmt"/>
      </file>
    </package>
    <package name="utils">
      <metrics statements="2" coveredstatements="2" conditionals="0" coveredconditionals="0" methods="1" coveredmethods="1"/>
      <file name="formatters.ts" path="/Users/cosmodeveloper/Developer/million-frontend/src/utils/formatters.ts">
        <metrics statements="2" coveredstatements="2" conditionals="0" coveredconditionals="0" methods="1" coveredmethods="1"/>
        <line num="1" count="1" type="stmt"/>
        <line num="2" count="6" type="stmt"/>
      </file>
    </package>
  </project>
</coverage>
