{"/Users/cosmodeveloper/Developer/million-frontend/src/features/properties/components/PropertyCard.tsx": {"path":"/Users/cosmodeveloper/Developer/million-frontend/src/features/properties/components/PropertyCard.tsx","statementMap":{"0":{"start":{"line":1,"column":0},"end":{"line":1,"column":79}},"1":{"start":{"line":3,"column":0},"end":{"line":3,"column":56}},"2":{"start":{"line":4,"column":0},"end":{"line":4,"column":47}},"3":{"start":{"line":10,"column":57},"end":{"line":50,"column":1}},"4":{"start":{"line":12,"column":19},"end":{"line":12,"column":32}},"5":{"start":{"line":14,"column":2},"end":{"line":49,"column":4}},"6":{"start":{"line":17,"column":21},"end":{"line":17,"column":67}},"7":{"start":{"line":10,"column":13},"end":{"line":10,"column":57}}},"fnMap":{"0":{"name":"(anonymous_0)","decl":{"start":{"line":10,"column":57},"end":{"line":10,"column":58}},"loc":{"start":{"line":10,"column":74},"end":{"line":50,"column":1}}},"1":{"name":"(anonymous_1)","decl":{"start":{"line":17,"column":15},"end":{"line":17,"column":18}},"loc":{"start":{"line":17,"column":21},"end":{"line":17,"column":67}}}},"branchMap":{},"s":{"0":1,"1":1,"2":1,"3":1,"4":6,"5":6,"6":1,"7":1},"f":{"0":6,"1":1},"b":{}}
,"/Users/cosmodeveloper/Developer/million-frontend/src/features/properties/components/PropertyForm.tsx": {"path":"/Users/cosmodeveloper/Developer/million-frontend/src/features/properties/components/PropertyForm.tsx","statementMap":{"0":{"start":{"line":1,"column":0},"end":{"line":1,"column":75}},"1":{"start":{"line":2,"column":0},"end":{"line":2,"column":40}},"2":{"start":{"line":10,"column":57},"end":{"line":74,"column":1}},"3":{"start":{"line":11,"column":17},"end":{"line":26,"column":6}},"4":{"start":{"line":21,"column":29},"end":{"line":21,"column":106}},"5":{"start":{"line":22,"column":40},"end":{"line":22,"column":100}},"6":{"start":{"line":23,"column":38},"end":{"line":23,"column":95}},"7":{"start":{"line":24,"column":33},"end":{"line":24,"column":96}},"8":{"start":{"line":28,"column":4},"end":{"line":73,"column":6}},"9":{"start":{"line":10,"column":13},"end":{"line":10,"column":57}}},"fnMap":{"0":{"name":"(anonymous_0)","decl":{"start":{"line":10,"column":57},"end":{"line":10,"column":58}},"loc":{"start":{"line":10,"column":83},"end":{"line":74,"column":1}}},"1":{"name":"(anonymous_1)","decl":{"start":{"line":21,"column":18},"end":{"line":21,"column":19}},"loc":{"start":{"line":21,"column":29},"end":{"line":21,"column":106}}},"2":{"name":"(anonymous_2)","decl":{"start":{"line":22,"column":29},"end":{"line":22,"column":30}},"loc":{"start":{"line":22,"column":40},"end":{"line":22,"column":100}}},"3":{"name":"(anonymous_3)","decl":{"start":{"line":23,"column":27},"end":{"line":23,"column":28}},"loc":{"start":{"line":23,"column":38},"end":{"line":23,"column":95}}},"4":{"name":"(anonymous_4)","decl":{"start":{"line":24,"column":22},"end":{"line":24,"column":23}},"loc":{"start":{"line":24,"column":33},"end":{"line":24,"column":96}}}},"branchMap":{"0":{"loc":{"start":{"line":21,"column":29},"end":{"line":21,"column":106}},"type":"cond-expr","locations":[{"start":{"line":21,"column":55},"end":{"line":21,"column":99}},{"start":{"line":21,"column":102},"end":{"line":21,"column":106}}]},"1":{"loc":{"start":{"line":22,"column":40},"end":{"line":22,"column":100}},"type":"cond-expr","locations":[{"start":{"line":22,"column":66},"end":{"line":22,"column":93}},{"start":{"line":22,"column":96},"end":{"line":22,"column":100}}]},"2":{"loc":{"start":{"line":23,"column":38},"end":{"line":23,"column":95}},"type":"cond-expr","locations":[{"start":{"line":23,"column":55},"end":{"line":23,"column":88}},{"start":{"line":23,"column":91},"end":{"line":23,"column":95}}]},"3":{"loc":{"start":{"line":24,"column":33},"end":{"line":24,"column":96}},"type":"cond-expr","locations":[{"start":{"line":24,"column":65},"end":{"line":24,"column":89}},{"start":{"line":24,"column":92},"end":{"line":24,"column":96}}]},"4":{"loc":{"start":{"line":53,"column":24},"end":{"line":55,"column":55}},"type":"cond-expr","locations":[{"start":{"line":54,"column":30},"end":{"line":54,"column":122}},{"start":{"line":55,"column":30},"end":{"line":55,"column":55}}]}},"s":{"0":1,"1":1,"2":1,"3":227,"4":3,"5":3,"6":3,"7":3,"8":227,"9":1},"f":{"0":227,"1":3,"2":3,"3":3,"4":3},"b":{"0":[1,2],"1":[1,2],"2":[1,2],"3":[1,2],"4":[85,142]}}
,"/Users/cosmodeveloper/Developer/million-frontend/src/utils/formatters.ts": {"path":"/Users/cosmodeveloper/Developer/million-frontend/src/utils/formatters.ts","statementMap":{"0":{"start":{"line":1,"column":27},"end":{"line":7,"column":1}},"1":{"start":{"line":2,"column":2},"end":{"line":6,"column":19}},"2":{"start":{"line":1,"column":13},"end":{"line":1,"column":27}}},"fnMap":{"0":{"name":"(anonymous_0)","decl":{"start":{"line":1,"column":27},"end":{"line":1,"column":28}},"loc":{"start":{"line":1,"column":53},"end":{"line":7,"column":1}}}},"branchMap":{},"s":{"0":1,"1":6,"2":1},"f":{"0":6},"b":{}}
}
