TN:
SF:src/features/properties/components/PropertyCard.tsx
FN:10,(anonymous_0)
FN:17,(anonymous_1)
FNF:2
FNH:2
FNDA:6,(anonymous_0)
FNDA:1,(anonymous_1)
DA:1,1
DA:3,1
DA:4,1
DA:10,1
DA:12,6
DA:14,6
DA:17,1
LF:7
LH:7
BRF:0
BRH:0
end_of_record
TN:
SF:src/features/properties/components/PropertyForm.tsx
FN:10,(anonymous_0)
FN:21,(anonymous_1)
FN:22,(anonymous_2)
FN:23,(anonymous_3)
FN:24,(anonymous_4)
FNF:5
FNH:5
FNDA:227,(anonymous_0)
FNDA:3,(anonymous_1)
FNDA:3,(anonymous_2)
FNDA:3,(anonymous_3)
FNDA:3,(anonymous_4)
DA:1,1
DA:2,1
DA:10,1
DA:11,227
DA:21,3
DA:22,3
DA:23,3
DA:24,3
DA:28,227
LF:9
LH:9
BRDA:21,0,0,1
BRDA:21,0,1,2
BRDA:22,1,0,1
BRDA:22,1,1,2
BRDA:23,2,0,1
BRDA:23,2,1,2
BRDA:24,3,0,1
BRDA:24,3,1,2
BRDA:53,4,0,85
BRDA:53,4,1,142
BRF:10
BRH:10
end_of_record
TN:
SF:src/utils/formatters.ts
FN:1,(anonymous_0)
FNF:1
FNH:1
FNDA:6,(anonymous_0)
DA:1,1
DA:2,6
LF:2
LH:2
BRF:0
BRH:0
end_of_record
